This is pdfTeX, Version 3.141592653-2.6-1.40.28 (TeX Live 2025) (preloaded format=pdflatex 2025.10.14)  24 NOV 2025 17:34
entering extended mode
 restricted \write18 enabled.
 file:line:error style messages enabled.
 %&-line parsing enabled.
**/Users/anoguera/Documents/GitHub/TP-VPC3/documentation/memorianueva.tex
(/Users/anoguera/Documents/GitHub/TP-VPC3/documentation/memorianueva.tex
LaTeX2e <2025-06-01> patch level 1
L3 programming layer <2025-09-02>
(./MastersDoctoralThesis.cls
Document Class: MastersDoctoralThesis 2016/03/25 v1.4 LaTeXTemplates.com
(/Users/anoguera/Library/TinyTeX/texmf-dist/tex/latex/etoolbox/etoolbox.sty
Package: etoolbox 2025/10/02 v2.5m e-TeX tools for LaTeX (JAW)
\etb@tempcnta=\count275
) (/Users/anoguera/Library/TinyTeX/texmf-dist/tex/latex/l3packages/xparse/xparse.sty (/Users/anoguera/Library/TinyTeX/texmf-dist/tex/latex/l3kernel/expl3.sty
Package: expl3 2025-09-02 L3 programming layer (loader) 
 (/Users/anoguera/Library/TinyTeX/texmf-dist/tex/latex/l3backend/l3backend-pdftex.def
File: l3backend-pdftex.def 2025-06-09 L3 backend support: PDF output (pdfTeX)
\l__color_backend_stack_int=\count276
))
Package: xparse 2024-08-16 L3 Experimental document command parser
) (/Users/anoguera/Library/TinyTeX/texmf-dist/tex/latex/base/book.cls
Document Class: book 2025/01/22 v1.4n Standard LaTeX document class
(/Users/anoguera/Library/TinyTeX/texmf-dist/tex/latex/base/bk11.clo
File: bk11.clo 2025/01/22 v1.4n Standard LaTeX file (size option)
)
\c@part=\count277
\c@chapter=\count278
\c@section=\count279
\c@subsection=\count280
\c@subsubsection=\count281
\c@paragraph=\count282
\c@subparagraph=\count283
\c@figure=\count284
\c@table=\count285
\abovecaptionskip=\skip49
\belowcaptionskip=\skip50
\bibindent=\dimen148
) (/Users/anoguera/Library/TinyTeX/texmf-dist/tex/latex/parskip/parskip.sty
Package: parskip 2021-03-14 v2.0h non-zero parskip adjustments
 (/Users/anoguera/Library/TinyTeX/texmf-dist/tex/latex/kvoptions/kvoptions.sty
Package: kvoptions 2022-06-15 v3.15 Key value format for package options (HO)
 (/Users/anoguera/Library/TinyTeX/texmf-dist/tex/latex/graphics/keyval.sty
Package: keyval 2022/05/29 v1.15 key=value parser (DPC)
\KV@toks@=\toks17
) (/Users/anoguera/Library/TinyTeX/texmf-dist/tex/generic/ltxcmds/ltxcmds.sty
Package: ltxcmds 2023-12-04 v1.26 LaTeX kernel commands for general use (HO)
) (/Users/anoguera/Library/TinyTeX/texmf-dist/tex/latex/kvsetkeys/kvsetkeys.sty
Package: kvsetkeys 2022-10-05 v1.19 Key value parser (HO)
))) (/Users/anoguera/Library/TinyTeX/texmf-dist/tex/generic/babel/babel.sty
Package: babel 2025/10/01 v25.13 The multilingual framework for LuaLaTeX, pdfLaTeX and XeLaTeX
\babel@savecnt=\count286
LaTeX Encoding Info:    Redeclaring text command \ij (encoding OT1) on input line 2045.
LaTeX Encoding Info:    Redeclaring text command \IJ (encoding OT1) on input line 2047.
LaTeX Encoding Info:    Redeclaring text command \ij (encoding T1) on input line 2049.
LaTeX Encoding Info:    Redeclaring text command \IJ (encoding T1) on input line 2050.
LaTeX Encoding Info:    Ignoring declaration for text command \ij (encoding ?) on input line 2051.
LaTeX Encoding Info:    Ignoring declaration for text command \IJ (encoding ?) on input line 2053.
LaTeX Encoding Info:    Ignoring declaration for text command \SS (encoding ?) on input line 2078.
\U@D=\dimen149
\l@unhyphenated=\language3
 (/Users/anoguera/Library/TinyTeX/texmf-dist/tex/generic/babel/txtbabel.def)
\bbl@readstream=\read2
\bbl@dirlevel=\count287
 (/Users/anoguera/Library/TinyTeX/texmf-dist/tex/generic/babel-spanish/spanish.ldf
Language: spanish.ldf 2021/05/27 v5.0q Spanish support from the babel system
 (/Users/anoguera/Library/TinyTeX/texmf-dist/tex/generic/babel/locale/es/babel-spanish.tex
Package babel Info: Importing font and identification data for spanish
(babel)             from babel-es.ini. Reported on input line 12.
)

Package babel Warning: No hyphenation patterns were preloaded for
(babel)                the language 'Spanish' into the format.
(babel)                Please, configure your TeX system to add them and
(babel)                rebuild the format. Now I will use the patterns
(babel)                preloaded for \language=0 instead on input line 51.

Package babel Info: Hyphen rules for 'spanish' set to \l@english
(babel)             (\language0). Reported on input line 52.
\es@quottoks=\toks18
\es@quotdepth=\count288
Package babel Info: Making " an active character on input line 570.
Package babel Info: Making . an active character on input line 675.
Package babel Info: Making < an active character on input line 722.
Package babel Info: Making > an active character on input line 722.
))
LaTeX Encoding Info:    Redeclaring text command \guillemotleft (encoding OT1) on input line 183.
LaTeX Encoding Info:    Redeclaring text command \guillemotright (encoding OT1) on input line 183.
 (/Users/anoguera/Library/TinyTeX/texmf-dist/tex/latex/koma-script/scrbase.sty
Package: scrbase 2025/09/09 v3.48 KOMA-Script package (KOMA-Script-independent basics and keyval usage)
 (/Users/anoguera/Library/TinyTeX/texmf-dist/tex/latex/koma-script/scrlfile.sty
Package: scrlfile 2025/09/09 v3.48 KOMA-Script package (file load hooks)
 (/Users/anoguera/Library/TinyTeX/texmf-dist/tex/latex/koma-script/scrlfile-hook.sty
Package: scrlfile-hook 2025/09/09 v3.48 KOMA-Script package (using LaTeX hooks)
 (/Users/anoguera/Library/TinyTeX/texmf-dist/tex/latex/koma-script/scrlogo.sty
Package: scrlogo 2025/09/09 v3.48 KOMA-Script package (logo)
)))
Applying: [2021/05/01] Usage of raw or classic option list on input line 254.
Already applied: [0000/00/00] Usage of raw or classic option list on input line 370.
) (/Users/anoguera/Library/TinyTeX/texmf-dist/tex/latex/scrhack/scrhack.sty
Package: scrhack 2024-09-04 v3.42 scrhack emulation package
) (/Users/anoguera/Library/TinyTeX/texmf-dist/tex/latex/setspace/setspace.sty
Package: setspace 2022/12/04 v6.7b set line spacing
) (/Users/anoguera/Library/TinyTeX/texmf-dist/tex/latex/setspaceenhanced/setspaceenhanced.sty
Package: setspaceenhanced 2024-11-12 v1.04 improved setspace package
) (/Users/anoguera/Library/TinyTeX/texmf-dist/tex/latex/tools/longtable.sty
Package: longtable 2024-12-18 v4.23 Multi-page Table package (DPC)
\LTleft=\skip51
\LTright=\skip52
\LTpre=\skip53
\LTpost=\skip54
\LTchunksize=\count289
\LTcapwidth=\dimen150
\LT@head=\box53
\LT@firsthead=\box54
\LT@foot=\box55
\LT@lastfoot=\box56
\LT@gbox=\box57
\LT@cols=\count290
\LT@rows=\count291
\c@LT@tables=\count292
\c@LT@chunks=\count293
\LT@p@ftn=\toks19
) (/Users/anoguera/Library/TinyTeX/texmf-dist/tex/latex/siunitx/siunitx.sty
Package: siunitx 2025-07-09 v3.4.14 A comprehensive (SI) units package
\l__siunitx_number_uncert_offset_int=\count294
\l__siunitx_number_exponent_fixed_int=\count295
\l__siunitx_number_min_decimal_int=\count296
\l__siunitx_number_min_integer_int=\count297
\l__siunitx_number_round_precision_int=\count298
\l__siunitx_number_lower_threshold_int=\count299
\l__siunitx_number_upper_threshold_int=\count300
\l__siunitx_number_group_first_int=\count301
\l__siunitx_number_group_size_int=\count302
\l__siunitx_number_group_minimum_int=\count303
\l__siunitx_angle_tmp_dim=\dimen151
\l__siunitx_angle_marker_box=\box58
\l__siunitx_angle_unit_box=\box59
\l__siunitx_compound_count_int=\count304
 (/Users/anoguera/Library/TinyTeX/texmf-dist/tex/latex/amsmath/amstext.sty
Package: amstext 2024/11/17 v2.01 AMS text
 (/Users/anoguera/Library/TinyTeX/texmf-dist/tex/latex/amsmath/amsgen.sty
File: amsgen.sty 1999/11/30 v2.0 generic functions
\@emptytoks=\toks20
\ex@=\dimen152
))
\l__siunitx_table_tmp_box=\box60
\l__siunitx_table_tmp_dim=\dimen153
\l__siunitx_table_column_width_dim=\dimen154
\l__siunitx_table_integer_box=\box61
\l__siunitx_table_decimal_box=\box62
\l__siunitx_table_uncert_box=\box63
\l__siunitx_table_before_box=\box64
\l__siunitx_table_after_box=\box65
\l__siunitx_table_before_dim=\dimen155
\l__siunitx_table_carry_dim=\dimen156
\l__siunitx_unit_tmp_int=\count305
\l__siunitx_unit_position_int=\count306
\l__siunitx_unit_total_int=\count307
 (/Users/anoguera/Library/TinyTeX/texmf-dist/tex/latex/tools/array.sty
Package: array 2025/06/08 v2.6j Tabular extension package (FMi)
\col@sep=\dimen157
\ar@mcellbox=\box66
\extrarowheight=\dimen158
\NC@list=\toks21
\extratabsurround=\skip55
\backup@length=\skip56
\ar@cellbox=\box67
)) (/Users/anoguera/Library/TinyTeX/texmf-dist/tex/latex/graphics/graphicx.sty
Package: graphicx 2024/12/31 v1.2e Enhanced LaTeX Graphics (DPC,SPQR)
 (/Users/anoguera/Library/TinyTeX/texmf-dist/tex/latex/graphics/graphics.sty
Package: graphics 2024/08/06 v1.4g Standard LaTeX Graphics (DPC,SPQR)
 (/Users/anoguera/Library/TinyTeX/texmf-dist/tex/latex/graphics/trig.sty
Package: trig 2023/12/02 v1.11 sin cos tan (DPC)
) (/Users/anoguera/Library/TinyTeX/texmf-dist/tex/latex/graphics-cfg/graphics.cfg
File: graphics.cfg 2016/06/04 v1.11 sample graphics configuration
)
Package graphics Info: Driver file: pdftex.def on input line 106.
 (/Users/anoguera/Library/TinyTeX/texmf-dist/tex/latex/graphics-def/pdftex.def
File: pdftex.def 2025/09/29 v1.2d Graphics/color driver for pdftex
))
\Gin@req@height=\dimen159
\Gin@req@width=\dimen160
) (/Users/anoguera/Library/TinyTeX/texmf-dist/tex/latex/booktabs/booktabs.sty
Package: booktabs 2020/01/12 v1.61803398 Publication quality tables
\heavyrulewidth=\dimen161
\lightrulewidth=\dimen162
\cmidrulewidth=\dimen163
\belowrulesep=\dimen164
\belowbottomsep=\dimen165
\aboverulesep=\dimen166
\abovetopsep=\dimen167
\cmidrulesep=\dimen168
\cmidrulekern=\dimen169
\defaultaddspace=\dimen170
\@cmidla=\count308
\@cmidlb=\count309
\@aboverulesep=\dimen171
\@belowrulesep=\dimen172
\@thisruleclass=\count310
\@lastruleclass=\count311
\@thisrulewidth=\dimen173
) (/Users/anoguera/Library/TinyTeX/texmf-dist/tex/latex/caption/caption.sty
Package: caption 2023/08/05 v3.6o Customizing captions (AR)
 (/Users/anoguera/Library/TinyTeX/texmf-dist/tex/latex/caption/caption3.sty
Package: caption3 2023/07/31 v2.4d caption3 kernel (AR)
\caption@tempdima=\dimen174
\captionmargin=\dimen175
\caption@leftmargin=\dimen176
\caption@rightmargin=\dimen177
\caption@width=\dimen178
\caption@indent=\dimen179
\caption@parindent=\dimen180
\caption@hangindent=\dimen181
Package caption Info: Standard document class detected.
)
\c@caption@flags=\count312
\c@continuedfloat=\count313
Package caption Info: longtable package is loaded.
 (/Users/anoguera/Library/TinyTeX/texmf-dist/tex/latex/caption/ltcaption.sty
Package: ltcaption 2021/01/08 v1.4c longtable captions (AR)
)) (/Users/anoguera/Library/TinyTeX/texmf-dist/tex/latex/listings/listings.sty
\lst@mode=\count314
\lst@gtempboxa=\box68
\lst@token=\toks22
\lst@length=\count315
\lst@currlwidth=\dimen182
\lst@column=\count316
\lst@pos=\count317
\lst@lostspace=\dimen183
\lst@width=\dimen184
\lst@newlines=\count318
\lst@lineno=\count319
\lst@maxwidth=\dimen185
 (/Users/anoguera/Library/TinyTeX/texmf-dist/tex/latex/listings/lstpatch.sty
File: lstpatch.sty 2024/09/23 1.10c (Carsten Heinz)
) (/Users/anoguera/Library/TinyTeX/texmf-dist/tex/latex/listings/lstmisc.sty
File: lstmisc.sty 2024/09/23 1.10c (Carsten Heinz)
\c@lstnumber=\count320
\lst@skipnumbers=\count321
\lst@framebox=\box69
) (/Users/anoguera/Library/TinyTeX/texmf-dist/tex/latex/listings/listings.cfg
File: listings.cfg 2024/09/23 1.10c listings configuration
))
Package: listings 2024/09/23 1.10c (Carsten Heinz)
 (/Users/anoguera/Library/TinyTeX/texmf-dist/tex/latex/base/inputenc.sty
Package: inputenc 2024/02/08 v1.3d Input encoding file
\inpenc@prehook=\toks23
\inpenc@posthook=\toks24
) (/Users/anoguera/Library/TinyTeX/texmf-dist/tex/latex/base/fontenc.sty
Package: fontenc 2024/12/21 v2.1c Standard LaTeX package
) (/Users/anoguera/Library/TinyTeX/texmf-dist/tex/latex/psnfss/palatino.sty
Package: palatino 2020/03/25 PSNFSS-v9.3 (SPQR) 
) (/Users/anoguera/Library/TinyTeX/texmf-dist/tex/latex/biblatex/biblatex.sty
Package: biblatex 2025/07/10 v3.21 programmable bibliographies (PK/MW)
 (/Users/anoguera/Library/TinyTeX/texmf-dist/tex/generic/pdftexcmds/pdftexcmds.sty
Package: pdftexcmds 2020-06-27 v0.33 Utility functions of pdfTeX for LuaTeX (HO)
 (/Users/anoguera/Library/TinyTeX/texmf-dist/tex/generic/infwarerr/infwarerr.sty
Package: infwarerr 2019/12/03 v1.5 Providing info/warning/error messages (HO)
) (/Users/anoguera/Library/TinyTeX/texmf-dist/tex/generic/iftex/iftex.sty
Package: iftex 2024/12/12 v1.0g TeX engine tests
)
Package pdftexcmds Info: \pdf@primitive is available.
Package pdftexcmds Info: \pdf@ifprimitive is available.
Package pdftexcmds Info: \pdfdraftmode found.
) (/Users/anoguera/Library/TinyTeX/texmf-dist/tex/latex/logreq/logreq.sty
Package: logreq 2010/08/04 v1.0 xml request logger
\lrq@indent=\count322
 (/Users/anoguera/Library/TinyTeX/texmf-dist/tex/latex/logreq/logreq.def
File: logreq.def 2010/08/04 v1.0 logreq spec v1.0
)) (/Users/anoguera/Library/TinyTeX/texmf-dist/tex/latex/base/ifthen.sty
Package: ifthen 2024/03/16 v1.1e Standard LaTeX ifthen package (DPC)
) (/Users/anoguera/Library/TinyTeX/texmf-dist/tex/latex/url/url.sty
\Urlmuskip=\muskip17
Package: url 2013/09/16  ver 3.4  Verb mode for urls, etc.
)
\c@tabx@nest=\count323
\c@listtotal=\count324
\c@listcount=\count325
\c@liststart=\count326
\c@liststop=\count327
\c@citecount=\count328
\c@citetotal=\count329
\c@multicitecount=\count330
\c@multicitetotal=\count331
\c@instcount=\count332
\c@maxnames=\count333
\c@minnames=\count334
\c@maxitems=\count335
\c@minitems=\count336
\c@citecounter=\count337
\c@maxcitecounter=\count338
\c@savedcitecounter=\count339
\c@uniquelist=\count340
\c@uniquename=\count341
\c@refsection=\count342
\c@refsegment=\count343
\c@maxextratitle=\count344
\c@maxextratitleyear=\count345
\c@maxextraname=\count346
\c@maxextradate=\count347
\c@maxextraalpha=\count348
\c@abbrvpenalty=\count349
\c@highnamepenalty=\count350
\c@lownamepenalty=\count351
\c@maxparens=\count352
\c@parenlevel=\count353
\blx@tempcnta=\count354
\blx@tempcntb=\count355
\blx@tempcntc=\count356
\c@blx@maxsection=\count357
\blx@maxsegment@0=\count358
\blx@notetype=\count359
\blx@parenlevel@text=\count360
\blx@parenlevel@foot=\count361
\blx@sectionciteorder@0=\count362
\blx@sectionciteorderinternal@0=\count363
\blx@entrysetcounter=\count364
\blx@biblioinstance=\count365
\labelnumberwidth=\skip57
\labelalphawidth=\skip58
\biblabelsep=\skip59
\bibitemsep=\skip60
\bibnamesep=\skip61
\bibinitsep=\skip62
\bibparsep=\skip63
\bibhang=\skip64
\blx@bcfin=\read3
\blx@bcfout=\write3
\blx@langwohyphens=\language4
\c@mincomprange=\count366
\c@maxcomprange=\count367
\c@mincompwidth=\count368
Package biblatex Info: Trying to load biblatex default data model...
Package biblatex Info: ... file 'blx-dm.def' found.
 (/Users/anoguera/Library/TinyTeX/texmf-dist/tex/latex/biblatex/blx-dm.def
File: blx-dm.def 2025/07/10 v3.21 biblatex datamodel (PK/MW)
)
Package biblatex Info: Trying to load biblatex style data model...
Package biblatex Info: ... file 'numeric.dbx' not found.
Package biblatex Info: Trying to load biblatex custom data model...
Package biblatex Info: ... file 'biblatex-dm.cfg' not found.
\c@afterword=\count369
\c@savedafterword=\count370
\c@annotator=\count371
\c@savedannotator=\count372
\c@author=\count373
\c@savedauthor=\count374
\c@bookauthor=\count375
\c@savedbookauthor=\count376
\c@commentator=\count377
\c@savedcommentator=\count378
\c@editor=\count379
\c@savededitor=\count380
\c@editora=\count381
\c@savededitora=\count382
\c@editorb=\count383
\c@savededitorb=\count384
\c@editorc=\count385
\c@savededitorc=\count386
\c@foreword=\count387
\c@savedforeword=\count388
\c@holder=\count389
\c@savedholder=\count390
\c@introduction=\count391
\c@savedintroduction=\count392
\c@namea=\count393
\c@savednamea=\count394
\c@nameb=\count395
\c@savednameb=\count396
\c@namec=\count397
\c@savednamec=\count398
\c@translator=\count399
\c@savedtranslator=\count400
\c@shortauthor=\count401
\c@savedshortauthor=\count402
\c@shorteditor=\count403
\c@savedshorteditor=\count404
\c@labelname=\count405
\c@savedlabelname=\count406
\c@institution=\count407
\c@savedinstitution=\count408
\c@lista=\count409
\c@savedlista=\count410
\c@listb=\count411
\c@savedlistb=\count412
\c@listc=\count413
\c@savedlistc=\count414
\c@listd=\count415
\c@savedlistd=\count416
\c@liste=\count417
\c@savedliste=\count418
\c@listf=\count419
\c@savedlistf=\count420
\c@location=\count421
\c@savedlocation=\count422
\c@organization=\count423
\c@savedorganization=\count424
\c@origlocation=\count425
\c@savedoriglocation=\count426
\c@origpublisher=\count427
\c@savedorigpublisher=\count428
\c@publisher=\count429
\c@savedpublisher=\count430
\c@language=\count431
\c@savedlanguage=\count432
\c@origlanguage=\count433
\c@savedoriglanguage=\count434
\c@pageref=\count435
\c@savedpageref=\count436
\shorthandwidth=\skip65
\shortjournalwidth=\skip66
\shortserieswidth=\skip67
\shorttitlewidth=\skip68
\shortauthorwidth=\skip69
\shorteditorwidth=\skip70
\locallabelnumberwidth=\skip71
\locallabelalphawidth=\skip72
\localshorthandwidth=\skip73
\localshortjournalwidth=\skip74
\localshortserieswidth=\skip75
\localshorttitlewidth=\skip76
\localshortauthorwidth=\skip77
\localshorteditorwidth=\skip78
Package biblatex Info: Trying to load compatibility code...
Package biblatex Info: ... file 'blx-compat.def' found.
 (/Users/anoguera/Library/TinyTeX/texmf-dist/tex/latex/biblatex/blx-compat.def
File: blx-compat.def 2025/07/10 v3.21 biblatex compatibility (PK/MW)
)
Package biblatex Info: Trying to load BibTeX backend compatibility...
Package biblatex Info: ... file 'blx-bibtex.def' found.
 (/Users/anoguera/Library/TinyTeX/texmf-dist/tex/latex/biblatex/blx-bibtex.def
File: blx-bibtex.def 2025/07/10 v3.21 biblatex compatibility (PK/MW)


Package biblatex Warning: Using fall-back bibtex backend:
(biblatex)                functionality may be reduced/unavailable.

)
Package biblatex Info: Trying to load generic definitions...
Package biblatex Info: ... file 'biblatex.def' found.
 (/Users/anoguera/Library/TinyTeX/texmf-dist/tex/latex/biblatex/biblatex.def
File: biblatex.def 2025/07/10 v3.21 biblatex compatibility (PK/MW)
\c@textcitecount=\count437
\c@textcitetotal=\count438
\c@textcitemaxnames=\count439
\c@biburlbigbreakpenalty=\count440
\c@biburlbreakpenalty=\count441
\c@biburlnumpenalty=\count442
\c@biburlucpenalty=\count443
\c@biburllcpenalty=\count444
\biburlbigskip=\muskip18
\biburlnumskip=\muskip19
\biburlucskip=\muskip20
\biburllcskip=\muskip21
\c@smartand=\count445
)
Package biblatex Info: Trying to load natbib compatibility...
Package biblatex Info: ... file 'blx-natbib.def' found.
 (/Users/anoguera/Library/TinyTeX/texmf-dist/tex/latex/biblatex/blx-natbib.def
File: blx-natbib.def 2025/07/10 v3.21 biblatex compatibility (PK/MW)
Package biblatex Info: Delimiter 'nameyeardelim' in context '' already defined, overwriting.
)
Package biblatex Info: Trying to load bibliography style 'numeric'...
Package biblatex Info: ... file 'numeric.bbx' found.
 (/Users/anoguera/Library/TinyTeX/texmf-dist/tex/latex/biblatex/bbx/numeric.bbx
File: numeric.bbx 2025/07/10 v3.21 biblatex bibliography style (PK/MW)
Package biblatex Info: Trying to load bibliography style 'standard'...
Package biblatex Info: ... file 'standard.bbx' found.
 (/Users/anoguera/Library/TinyTeX/texmf-dist/tex/latex/biblatex/bbx/standard.bbx
File: standard.bbx 2025/07/10 v3.21 biblatex bibliography style (PK/MW)
\c@bbx:relatedcount=\count446
\c@bbx:relatedtotal=\count447
))
Package biblatex Info: Trying to load citation style 'numeric'...
Package biblatex Info: ... file 'numeric.cbx' found.
 (/Users/anoguera/Library/TinyTeX/texmf-dist/tex/latex/biblatex/cbx/numeric.cbx
File: numeric.cbx 2025/07/10 v3.21 biblatex citation style (PK/MW)
Package biblatex Info: Redefining '\cite'.
Package biblatex Info: Redefining '\parencite'.
Package biblatex Info: Redefining '\footcite'.
Package biblatex Info: Redefining '\footcitetext'.
Package biblatex Info: Redefining '\smartcite'.
Package biblatex Info: Redefining '\supercite'.
Package biblatex Info: Redefining '\textcite'.
Package biblatex Info: Redefining '\textcites'.
Package biblatex Info: Redefining '\cites'.
Package biblatex Info: Redefining '\parencites'.
Package biblatex Info: Redefining '\smartcites'.
)
Package biblatex Info: Trying to load configuration file...
Package biblatex Info: ... file 'biblatex.cfg' found.
 (/Users/anoguera/Library/TinyTeX/texmf-dist/tex/latex/biblatex/biblatex.cfg
File: biblatex.cfg 
)
Package biblatex Info: Input encoding 'utf8' detected.
Package biblatex Info: Document encoding is UTF8 ....
Package biblatex Info: ... and expl3
(biblatex)             2025-09-02 L3 programming layer (loader) 
(biblatex)             is new enough (at least 2020/04/06),
(biblatex)             setting 'casechanger=expl3'.
 (/Users/anoguera/Library/TinyTeX/texmf-dist/tex/latex/biblatex/blx-case-expl3.sty
Package: blx-case-expl3 2025/07/10 v3.21 expl3 case changing code for biblatex
)) (/Users/anoguera/Library/TinyTeX/texmf-dist/tex/latex/csquotes/csquotes.sty
Package: csquotes 2024-04-04 v5.2o context-sensitive quotations (JAW)
\csq@reset=\count448
\csq@gtype=\count449
\csq@glevel=\count450
\csq@qlevel=\count451
\csq@maxlvl=\count452
\csq@tshold=\count453
\csq@ltx@everypar=\toks25
 (/Users/anoguera/Library/TinyTeX/texmf-dist/tex/latex/csquotes/csquotes.def
File: csquotes.def 2024-04-04 v5.2o csquotes generic definitions (JAW)
)
Package csquotes Info: Trying to load configuration file 'csquotes.cfg'...
Package csquotes Info: ... configuration file loaded successfully.
 (/Users/anoguera/Library/TinyTeX/texmf-dist/tex/latex/csquotes/csquotes.cfg
File: csquotes.cfg 
)
Package csquotes Info: Enabling multilingual quotes.
) (/Users/anoguera/Library/TinyTeX/texmf-dist/tex/latex/xcolor/xcolor.sty
Package: xcolor 2024/09/29 v3.02 LaTeX color extensions (UK)
 (/Users/anoguera/Library/TinyTeX/texmf-dist/tex/latex/graphics-cfg/color.cfg
File: color.cfg 2016/01/02 v1.6 sample color configuration
)
Package xcolor Info: Driver file: pdftex.def on input line 274.
 (/Users/anoguera/Library/TinyTeX/texmf-dist/tex/latex/graphics/mathcolor.ltx)
Package xcolor Info: Model `cmy' substituted by `cmy0' on input line 1349.
Package xcolor Info: Model `hsb' substituted by `rgb' on input line 1353.
Package xcolor Info: Model `RGB' extended on input line 1365.
Package xcolor Info: Model `HTML' substituted by `rgb' on input line 1367.
Package xcolor Info: Model `Hsb' substituted by `hsb' on input line 1368.
Package xcolor Info: Model `tHsb' substituted by `hsb' on input line 1369.
Package xcolor Info: Model `HSB' substituted by `hsb' on input line 1370.
Package xcolor Info: Model `Gray' substituted by `gray' on input line 1371.
Package xcolor Info: Model `wave' substituted by `hsb' on input line 1372.
) (/Users/anoguera/Library/TinyTeX/texmf-dist/tex/latex/caption/subcaption.sty
Package: subcaption 2023/07/28 v1.6b Sub-captions (AR)
Package caption Info: New subtype `subfigure' on input line 238.
\c@subfigure=\count454
Package caption Info: New subtype `subtable' on input line 238.
\c@subtable=\count455
) (/Users/anoguera/Library/TinyTeX/texmf-dist/tex/latex/hyperref/hyperref.sty
Package: hyperref 2025-07-12 v7.01o Hypertext links for LaTeX
 (/Users/anoguera/Library/TinyTeX/texmf-dist/tex/generic/kvdefinekeys/kvdefinekeys.sty
Package: kvdefinekeys 2019-12-19 v1.6 Define keys (HO)
) (/Users/anoguera/Library/TinyTeX/texmf-dist/tex/generic/pdfescape/pdfescape.sty
Package: pdfescape 2019/12/09 v1.15 Implements pdfTeX's escape features (HO)
) (/Users/anoguera/Library/TinyTeX/texmf-dist/tex/latex/hycolor/hycolor.sty
Package: hycolor 2020-01-27 v1.10 Color options for hyperref/bookmark (HO)
) (/Users/anoguera/Library/TinyTeX/texmf-dist/tex/latex/hyperref/nameref.sty
Package: nameref 2025-06-21 v2.57 Cross-referencing by name of section
 (/Users/anoguera/Library/TinyTeX/texmf-dist/tex/latex/refcount/refcount.sty
Package: refcount 2019/12/15 v3.6 Data extraction from label references (HO)
) (/Users/anoguera/Library/TinyTeX/texmf-dist/tex/generic/gettitlestring/gettitlestring.sty
Package: gettitlestring 2019/12/15 v1.6 Cleanup title references (HO)
)
\c@section@level=\count456
) (/Users/anoguera/Library/TinyTeX/texmf-dist/tex/generic/stringenc/stringenc.sty
Package: stringenc 2019/11/29 v1.12 Convert strings between diff. encodings (HO)
)
\@linkdim=\dimen186
\Hy@linkcounter=\count457
\Hy@pagecounter=\count458
 (/Users/anoguera/Library/TinyTeX/texmf-dist/tex/latex/hyperref/pd1enc.def
File: pd1enc.def 2025-07-12 v7.01o Hyperref: PDFDocEncoding definition (HO)
Now handling font encoding PD1 ...
... no UTF-8 mapping file for font encoding PD1
) (/Users/anoguera/Library/TinyTeX/texmf-dist/tex/generic/intcalc/intcalc.sty
Package: intcalc 2019/12/15 v1.3 Expandable calculations with integers (HO)
)
\Hy@SavedSpaceFactor=\count459
 (/Users/anoguera/Library/TinyTeX/texmf-dist/tex/latex/hyperref/puenc.def
File: puenc.def 2025-07-12 v7.01o Hyperref: PDF Unicode definition (HO)
Now handling font encoding PU ...
... no UTF-8 mapping file for font encoding PU
)
Package hyperref Info: Option `bookmarks' set `true' on input line 4066.
Package hyperref Info: Option `unicode' set `true' on input line 4066.
Package hyperref Info: Option `pdftoolbar' set `true' on input line 4066.
Package hyperref Info: Option `pdfmenubar' set `true' on input line 4066.
Package hyperref Info: Option `pdffitwindow' set `false' on input line 4066.
Package hyperref Info: Option `colorlinks' set `true' on input line 4066.
Package hyperref Info: Option `bookmarks' set `true' on input line 4066.
Package hyperref Info: Option `unicode' set `false' on input line 4066.
Package hyperref Info: Option `pdftoolbar' set `true' on input line 4066.
Package hyperref Info: Option `pdfmenubar' set `true' on input line 4066.
Package hyperref Info: Option `pdffitwindow' set `false' on input line 4066.
Package hyperref Info: Option `colorlinks' set `true' on input line 4066.
Package hyperref Info: Hyper figures OFF on input line 4195.
Package hyperref Info: Link nesting OFF on input line 4200.
Package hyperref Info: Hyper index ON on input line 4203.
Package hyperref Info: Plain pages OFF on input line 4210.
Package hyperref Info: Backreferencing OFF on input line 4215.
Package hyperref Info: Implicit mode ON; LaTeX internals redefined.
Package hyperref Info: Bookmarks ON on input line 4462.
\c@Hy@tempcnt=\count460
LaTeX Info: Redefining \url on input line 4801.
\XeTeXLinkMargin=\dimen187
 (/Users/anoguera/Library/TinyTeX/texmf-dist/tex/generic/bitset/bitset.sty
Package: bitset 2019/12/09 v1.3 Handle bit-vector datatype (HO)
 (/Users/anoguera/Library/TinyTeX/texmf-dist/tex/generic/bigintcalc/bigintcalc.sty
Package: bigintcalc 2019/12/15 v1.5 Expandable calculations on big integers (HO)
))
\Fld@menulength=\count461
\Field@Width=\dimen188
\Fld@charsize=\dimen189
Package hyperref Info: Hyper figures OFF on input line 6078.
Package hyperref Info: Link nesting OFF on input line 6083.
Package hyperref Info: Hyper index ON on input line 6086.
Package hyperref Info: backreferencing OFF on input line 6093.
Package hyperref Info: Link coloring ON on input line 6096.
Package hyperref Info: Link coloring with OCG OFF on input line 6103.
Package hyperref Info: PDF/A mode OFF on input line 6108.
\Hy@abspage=\count462
\c@Item=\count463
\c@Hfootnote=\count464
)
Package hyperref Info: Driver (autodetected): hpdftex.
 (/Users/anoguera/Library/TinyTeX/texmf-dist/tex/latex/hyperref/hpdftex.def
File: hpdftex.def 2025-07-12 v7.01o Hyperref driver for pdfTeX
\Fld@listcount=\count465
\c@bookmark@seq@number=\count466
 (/Users/anoguera/Library/TinyTeX/texmf-dist/tex/latex/rerunfilecheck/rerunfilecheck.sty
Package: rerunfilecheck 2025-06-21 v1.11 Rerun checks for auxiliary files (HO)
 (/Users/anoguera/Library/TinyTeX/texmf-dist/tex/generic/uniquecounter/uniquecounter.sty
Package: uniquecounter 2019/12/15 v1.4 Provide unlimited unique counter (HO)
)
Package uniquecounter Info: New unique counter `rerunfilecheck' on input line 284.
)
\Hy@SectionHShift=\skip79
) (/Users/anoguera/Library/TinyTeX/texmf-dist/tex/latex/geometry/geometry.sty
Package: geometry 2020/01/02 v5.9 Page Geometry
 (/Users/anoguera/Library/TinyTeX/texmf-dist/tex/generic/iftex/ifvtex.sty
Package: ifvtex 2019/10/25 v1.7 ifvtex legacy package. Use iftex instead.
)
\Gm@cnth=\count467
\Gm@cntv=\count468
\c@Gm@tempcnt=\count469
\Gm@bindingoffset=\dimen190
\Gm@wd@mp=\dimen191
\Gm@odd@mp=\dimen192
\Gm@even@mp=\dimen193
\Gm@layoutwidth=\dimen194
\Gm@layoutheight=\dimen195
\Gm@layouthoffset=\dimen196
\Gm@layoutvoffset=\dimen197
\Gm@dimlist=\toks26
) (/Users/anoguera/Library/TinyTeX/texmf-dist/tex/latex/koma-script/scrlayer-scrpage.sty
Package: scrlayer-scrpage 2025/09/09 v3.48 KOMA-Script package (end user interface for scrlayer)
 (/Users/anoguera/Library/TinyTeX/texmf-dist/tex/latex/koma-script/scrlayer.sty
Package: scrlayer 2025/09/09 v3.48 KOMA-Script package (defining layers and page styles)
 (/Users/anoguera/Library/TinyTeX/texmf-dist/tex/latex/koma-script/scrkbase.sty
Package: scrkbase 2025/09/09 v3.48 KOMA-Script package (KOMA-Script-dependent basics and keyval usage)
)
\footheight=\skip80
Package scrlayer Info: patching LaTeX kernel macro \pagestyle on input line 2179.
)
Package scrbase Info: Unknown processing state.
(scrbase)             Processing option `markcase=used'
(scrbase)             of member `.scrlayer-scrpage.sty' of family
(scrbase)             `KOMA' doesn't set
(scrbase)             a valid state. This will be interpreted
(scrbase)             as \FamilyKeyStateProcessed on input line 649.
)) (/Users/anoguera/Library/TinyTeX/texmf-dist/tex/latex/base/fontenc.sty
Package: fontenc 2024/12/21 v2.1c Standard LaTeX package
LaTeX Font Info:    Trying to load font information for T1+ppl on input line 116.
 (/Users/anoguera/Library/TinyTeX/texmf-dist/tex/latex/psnfss/t1ppl.fd
File: t1ppl.fd 2001/06/04 font definitions for T1/ppl.
)) (/Users/anoguera/Library/TinyTeX/texmf-dist/tex/latex/eso-pic/eso-pic.sty
Package: eso-pic 2023/05/03 v3.0c eso-pic (RN)
\ESO@tempdima=\dimen198
\ESO@tempdimb=\dimen199
) (/Users/anoguera/Library/TinyTeX/texmf-dist/tex/latex/tools/tabularx.sty
Package: tabularx 2023/12/11 v2.12a `tabularx' package (DPC)
\TX@col@width=\dimen256
\TX@old@table=\dimen257
\TX@old@col=\dimen258
\TX@target=\dimen259
\TX@delta=\dimen260
\TX@cols=\count470
\TX@ftn=\toks27
) (/Users/anoguera/Library/TinyTeX/texmf-dist/tex/latex/adjustbox/adjustbox.sty
Package: adjustbox 2025/02/26 v1.3c Adjusting TeX boxes (trim, clip, ...)
 (/Users/anoguera/Library/TinyTeX/texmf-dist/tex/latex/xkeyval/xkeyval.sty
Package: xkeyval 2022/06/16 v2.9 package option processing (HA)
 (/Users/anoguera/Library/TinyTeX/texmf-dist/tex/generic/xkeyval/xkeyval.tex (/Users/anoguera/Library/TinyTeX/texmf-dist/tex/generic/xkeyval/xkvutils.tex
\XKV@toks=\toks28
\XKV@tempa@toks=\toks29
)
\XKV@depth=\count471
File: xkeyval.tex 2014/12/03 v2.7a key=value parser (HA)
)) (/Users/anoguera/Library/TinyTeX/texmf-dist/tex/latex/adjustbox/adjcalc.sty
Package: adjcalc 2012/05/16 v1.1 Provides advanced setlength with multiple back-ends (calc, etex, pgfmath)
) (/Users/anoguera/Library/TinyTeX/texmf-dist/tex/latex/adjustbox/trimclip.sty
Package: trimclip 2025/02/21 v1.2a Trim and clip general TeX material
 (/Users/anoguera/Library/TinyTeX/texmf-dist/tex/latex/collectbox/collectbox.sty
Package: collectbox 2022/10/17 v0.4c Collect macro arguments as boxes
\collectedbox=\box70
)
\tc@llx=\dimen261
\tc@lly=\dimen262
\tc@urx=\dimen263
\tc@ury=\dimen264
Package trimclip Info: Using driver 'tc-pdftex.def'.
 (/Users/anoguera/Library/TinyTeX/texmf-dist/tex/latex/adjustbox/tc-pdftex.def
File: tc-pdftex.def 2025/02/26 v2.3 Clipping driver for pdftex
))
\adjbox@Width=\dimen265
\adjbox@Height=\dimen266
\adjbox@Depth=\dimen267
\adjbox@Totalheight=\dimen268
\adjbox@pwidth=\dimen269
\adjbox@pheight=\dimen270
\adjbox@pdepth=\dimen271
\adjbox@ptotalheight=\dimen272
 (/Users/anoguera/Library/TinyTeX/texmf-dist/tex/latex/ifoddpage/ifoddpage.sty
Package: ifoddpage 2022/10/18 v1.2 Conditionals for odd/even page detection
\c@checkoddpage=\count472
) (/Users/anoguera/Library/TinyTeX/texmf-dist/tex/latex/varwidth/varwidth.sty
Package: varwidth 2009/03/30 ver 0.92;  Variable-width minipages
\@vwid@box=\box71
\sift@deathcycles=\count473
\@vwid@loff=\dimen273
\@vwid@roff=\dimen274
)
==> First Aid for varwidth.sty applied!
) (/Users/anoguera/Library/TinyTeX/texmf-dist/tex/latex/float/float.sty
Package: float 2001/11/08 v1.3d Float enhancements (AL)
\c@float@type=\count474
\float@exts=\toks30
\float@box=\box72
\@float@everytoks=\toks31
\@floatcapt=\box73
) (/Users/anoguera/Library/TinyTeX/texmf-dist/tex/latex/floatbytocbasic/floatbytocbasic.sty
Package: floatbytocbasic 2023-08-16 v1.0 improved float package using tocbasic
 (/Users/anoguera/Library/TinyTeX/texmf-dist/tex/latex/koma-script/tocbasic.sty
Package: tocbasic 2025/09/09 v3.48 KOMA-Script package (handling toc-files)
\scr@dte@tocline@numberwidth=\skip81
\scr@dte@tocline@numbox=\box74
) (/Users/anoguera/Library/TinyTeX/texmf-dist/tex/latex/xpatch/xpatch.sty
Package: xpatch 2020/03/25 v0.3a Extending etoolbox patching commands
))
Package hyperref Info: Option `unicode' set `true' on input line 43.
Package hyperref Info: Option `colorlinks' set `true' on input line 43.
Package csquotes Info: Checking for multilingual support...
Package csquotes Info: ... found 'babel' package.
 (./memorianueva.aux (./portada.aux)
LaTeX Info: Redefining \. on input line 17.
LaTeX Info: Redefining \% on input line 17.
Package babel Info: 'spanish' activates 'spanish' shorthands.
(babel)             Reported on input line 17.
 (./Chapters/Chapter1.aux) (./Chapters/Chapter2.aux) (./Appendices/AppendixA.aux))
\openout1 = `memorianueva.aux'.

LaTeX Font Info:    Checking defaults for OML/cmm/m/it on input line 65.
LaTeX Font Info:    ... okay on input line 65.
LaTeX Font Info:    Checking defaults for OMS/cmsy/m/n on input line 65.
LaTeX Font Info:    ... okay on input line 65.
LaTeX Font Info:    Checking defaults for OT1/cmr/m/n on input line 65.
LaTeX Font Info:    ... okay on input line 65.
LaTeX Font Info:    Checking defaults for T1/cmr/m/n on input line 65.
LaTeX Font Info:    ... okay on input line 65.
LaTeX Font Info:    Checking defaults for TS1/cmr/m/n on input line 65.
LaTeX Font Info:    ... okay on input line 65.
LaTeX Font Info:    Checking defaults for OMX/cmex/m/n on input line 65.
LaTeX Font Info:    ... okay on input line 65.
LaTeX Font Info:    Checking defaults for U/cmr/m/n on input line 65.
LaTeX Font Info:    ... okay on input line 65.
LaTeX Font Info:    Checking defaults for PD1/pdf/m/n on input line 65.
LaTeX Font Info:    ... okay on input line 65.
LaTeX Font Info:    Checking defaults for PU/pdf/m/n on input line 65.
LaTeX Font Info:    ... okay on input line 65.
LaTeX Info: Redefining \. on input line 65.
LaTeX Info: Redefining \% on input line 65.
 (/Users/anoguera/Library/TinyTeX/texmf-dist/tex/context/base/mkii/supp-pdf.mkii
[Loading MPS to PDF converter (version 2006.09.02).]
\scratchcounter=\count475
\scratchdimen=\dimen275
\scratchbox=\box75
\nofMPsegments=\count476
\nofMParguments=\count477
\everyMPshowfont=\toks32
\MPscratchCnt=\count478
\MPscratchDim=\dimen276
\MPnumerator=\count479
\makeMPintoPDFobject=\count480
\everyMPtoPDFconversion=\toks33
) (/Users/anoguera/Library/TinyTeX/texmf-dist/tex/latex/epstopdf-pkg/epstopdf-base.sty
Package: epstopdf-base 2020-01-24 v2.11 Base part for package epstopdf
Package epstopdf-base Info: Redefining graphics rule for `.eps' on input line 485.
 (/Users/anoguera/Library/TinyTeX/texmf-dist/tex/latex/latexconfig/epstopdf-sys.cfg
File: epstopdf-sys.cfg 2010/07/13 v1.3 Configuration of (r)epstopdf for TeX Live
))
Package caption Info: Begin \AtBeginDocument code.
Package caption Info: float package is loaded.
Package caption Info: hyperref package is loaded.
Package caption Info: listings package is loaded.
Package caption Info: End \AtBeginDocument code.
\c@lstlisting=\count481
Package tocbasic Info: setting babel extension for `lol' on input line 65.
Package biblatex Info: Trying to load language 'spanish'...
Package biblatex Info: ... file 'spanish.lbx' found.
 (/Users/anoguera/Library/TinyTeX/texmf-dist/tex/latex/biblatex/lbx/spanish.lbx
File: spanish.lbx 2025/07/10 v3.21 biblatex localization (PK/MW)
)
Package biblatex Info: Input encoding 'utf8' detected.
Package biblatex Info: Automatic encoding selection.
(biblatex)             Assuming data encoding 'utf8'.
Package biblatex Info: Input encoding 'utf8' detected.
Package biblatex Info: Data encoding 'utf8' specified.
(biblatex)             No need to reencode data.
\openout3 = `memorianueva-blx.bib'.

Package biblatex Info: Trying to load bibliographic data...
Package biblatex Info: ... file 'memorianueva.bbl' found.
 (./memorianueva.bbl)
Package biblatex Info: Reference section=0 on input line 65.
Package biblatex Info: Reference segment=0 on input line 65.
Package hyperref Info: Link coloring ON on input line 65.
 (./memorianueva.out) (./memorianueva.out)
\@outlinefile=\write4
\openout4 = `memorianueva.out'.

Package scrbase Info: activating spanish \acknowledgementname on input line 65.
LaTeX Info: Redefining \sptext on input line 65.
LaTeX Info: Redefining \lsc on input line 65.
LaTeX Info: Redefining \. on input line 65.
LaTeX Info: Redefining \% on input line 65.
LaTeX Info: Redefining \dotlessi on input line 65.
Package scrbase Info: activating spanish \lstlistingname on input line 65.
LaTeX Info: Redefining \sptext on input line 65.
LaTeX Info: Redefining \lsc on input line 65.
LaTeX Info: Redefining \. on input line 65.
LaTeX Info: Redefining \% on input line 65.
LaTeX Info: Redefining \dotlessi on input line 65.
Package scrbase Info: activating spanish \acknowledgementname on input line 65.
LaTeX Info: Redefining \sptext on input line 65.
LaTeX Info: Redefining \lsc on input line 65.
LaTeX Info: Redefining \. on input line 65.
LaTeX Info: Redefining \% on input line 65.
LaTeX Info: Redefining \dotlessi on input line 65.
Package scrbase Info: activating spanish \authorshipname on input line 65.
LaTeX Info: Redefining \sptext on input line 65.
LaTeX Info: Redefining \lsc on input line 65.
LaTeX Info: Redefining \. on input line 65.
LaTeX Info: Redefining \% on input line 65.
LaTeX Info: Redefining \dotlessi on input line 65.
Package scrbase Info: activating spanish \abbrevname on input line 65.
LaTeX Info: Redefining \sptext on input line 65.
LaTeX Info: Redefining \lsc on input line 65.
LaTeX Info: Redefining \. on input line 65.
LaTeX Info: Redefining \% on input line 65.
LaTeX Info: Redefining \dotlessi on input line 65.
Package scrbase Info: activating spanish \byname on input line 65.

*geometry* driver: auto-detecting
*geometry* detected driver: pdftex
*geometry* verbose mode - [ preamble ] result:
* driver: pdftex
* paper: a4paper
* layout: <same size as paper>
* layoutoffset:(h,v)=(0.0pt,0.0pt)
* bindingoffset: 56.9055pt
* modes: includehead includefoot twoside 
* h-part:(L,W,R)=(56.9055pt, 389.80269pt, 93.89418pt)
* v-part:(T,H,B)=(42.67912pt, 759.6886pt, 42.67912pt)
* \paperwidth=597.50787pt
* \paperheight=845.04684pt
* \textwidth=389.80269pt
* \textheight=693.49821pt
* \oddsidemargin=41.54102pt
* \evensidemargin=21.62419pt
* \topmargin=-29.59087pt
* \headheight=18.85364pt
* \headsep=19.8738pt
* \topskip=11.0pt
* \footskip=27.46295pt
* \marginparwidth=116.0pt
* \marginparsep=7.0pt
* \columnsep=10.0pt
* \skip\footins=10.0pt plus 4.0pt minus 2.0pt
* \hoffset=0.0pt
* \voffset=0.0pt
* \mag=1000
* \@twocolumnfalse
* \@twosidetrue
* \@mparswitchtrue
* \@reversemarginfalse
* (1in=72.27pt=25.4mm, 1cm=28.453pt)

\openout2 = `portada.aux'.

(./portada.tex
LaTeX Font Info:    Trying to load font information for T1+phv on input line 14.
 (/Users/anoguera/Library/TinyTeX/texmf-dist/tex/latex/psnfss/t1phv.fd
File: t1phv.fd 2020/03/25 scalable font definitions for T1/phv.
)
LaTeX Font Info:    Font shape `T1/phv/m/it' in size <10.95> not available
(Font)              Font shape `T1/phv/m/sl' tried instead on input line 48.
LaTeX Font Info:    Font shape `T1/phv/m/it' in size <10> not available
(Font)              Font shape `T1/phv/m/sl' tried instead on input line 48.


<Figures/fondo.pdf, id=68, 597.55246pt x 845.07718pt>
File: Figures/fondo.pdf Graphic file (type pdf)
<use Figures/fondo.pdf>
Package pdftex.def Info: Figures/fondo.pdf  used on input line 51.
(pdftex.def)             Requested size: 597.551pt x 845.04932pt.
[1



{/Users/anoguera/Library/TinyTeX/texmf-var/fonts/map/pdftex/updmap/pdftex.map}{/Users/anoguera/Library/TinyTeX/texmf-dist/fonts/enc/dvips/base/8r.enc} <./Figures/fondo.pdf>])

[2



]
--------------------
 Resumen
--------------------


LaTeX Font Info:    External font `cmex10' loaded for size
(Font)              <10.95> on input line 100.
LaTeX Font Info:    External font `cmex10' loaded for size
(Font)              <8> on input line 100.
LaTeX Font Info:    External font `cmex10' loaded for size
(Font)              <6> on input line 100.
[1

]

[2

] (./memorianueva.toc
LaTeX Info: Redefining \sptext on input line 1.
LaTeX Info: Redefining \. on input line 1.
LaTeX Info: Redefining \% on input line 1.
)
\tf@toc=\write5
\openout5 = `memorianueva.toc'.



[3]

[4

] (./memorianueva.lof
LaTeX Info: Redefining \sptext on input line 1.
LaTeX Info: Redefining \. on input line 1.
LaTeX Info: Redefining \% on input line 1.
LaTeX Font Info:    Trying to load font information for T1+pcr on input line 4.
 (/Users/anoguera/Library/TinyTeX/texmf-dist/tex/latex/psnfss/t1pcr.fd
File: t1pcr.fd 2001/06/04 font definitions for T1/pcr.
))
\tf@lof=\write6
\openout6 = `memorianueva.lof'.



[5]

[6

] (./memorianueva.lot
LaTeX Info: Redefining \sptext on input line 1.
LaTeX Info: Redefining \. on input line 1.
LaTeX Info: Redefining \% on input line 1.
)
\tf@lot=\write7
\openout7 = `memorianueva.lot'.



[7]

[8

]
\openout2 = `Chapters/Chapter1.aux'.

 (./Chapters/Chapter1.tex
Cap\'{\i }tulo 1.

Overfull \hbox (1.17314pt too wide) in paragraph at lines 19--20
[]\T1/ppl/m/n/10.95 El crec-imien-to acel-er-a-do del com-er-cio elec-tróni-co ha gen-er-a-do catál-o-gos con miles
 []




pdfTeX warning (ext4): destination with the same identifier (name{page.1}) has been already used, duplicate ignored
<to be read again> 
                   \relax 
l.24 
      [1


]
Overfull \hbox (1.99797pt too wide) in paragraph at lines 36--37
[]\T1/ppl/b/n/10.95 Mejor ex-pe-ri-en-cia de usuario: \T1/ppl/m/n/10.95 Catál-o-gos co-her-entes mejo-ran las búsquedas,
 []



LaTeX Info: Redefining \. on input line 52.
LaTeX Info: Redefining \% on input line 52.
Package babel Info: 'spanish' activates 'spanish' shorthands.
(babel)             Reported on input line 52.

pdfTeX warning (ext4): destination with the same identifier (name{page.2}) has been already used, duplicate ignored
<to be read again> 
                   \relax 
l.52     \item E
                ntrenar y validar el modelo mediante particiones estratifica... [2]
LaTeX Font Info:    External font `cmex10' loaded for size
(Font)              <9> on input line 65.
LaTeX Font Info:    External font `cmex10' loaded for size
(Font)              <5> on input line 65.
)

LaTeX Info: Redefining \. on input line 118.
LaTeX Info: Redefining \% on input line 118.
[3]
\openout2 = `Chapters/Chapter2.aux'.

 (./Chapters/Chapter2.tex

[4




]
Cap\'{\i }tulo 2.

Overfull \hbox (7.91066pt too wide) in paragraph at lines 5--6
\T1/ppl/m/n/10.95 tomáti-co de pro-duc-tos. El ob-je-ti-vo del EDA es com-pren-der la es-truc-tura del dataset,
 []

<figures/missing_values.png, id=181, 722.7pt x 433.62pt>
File: figures/missing_values.png Graphic file (type png)
<use figures/missing_values.png>
Package pdftex.def Info: figures/missing_values.png  used on input line 27.
(pdftex.def)             Requested size: 292.352pt x 175.41002pt.

Underfull \hbox (badness 2884) in paragraph at lines 28--28
 []\T1/ppl/m/sc/10 Figura 2.1. |\T1/ppl/m/n/10 Pro-por-ción de val-ores fal-tantes en el archi-vo 
 []



[5]
<figures/class_distribution_articleType.png, id=188, 867.24pt x 433.62pt>
File: figures/class_distribution_articleType.png Graphic file (type png)
<use figures/class_distribution_articleType.png>
Package pdftex.def Info: figures/class_distribution_articleType.png  used on input line 40.
(pdftex.def)             Requested size: 389.80269pt x 194.90224pt.

Overfull \hbox (1.5259pt too wide) in paragraph at lines 45--46
[]\T1/ppl/m/n/10.95 Patrones sim-i-lares se ob-ser-van en \T1/pcr/m/n/10.95 subCategory \T1/ppl/m/n/10.95 y \T1/pcr/m/n/10.95 masterCategory \T1/ppl/m/n/10.95 (fig-uras [][]2.3[][]
 []

<figures/class_distribution_subCategory.png, id=191, 867.24pt x 433.62pt>
File: figures/class_distribution_subCategory.png Graphic file (type png)
<use figures/class_distribution_subCategory.png>
Package pdftex.def Info: figures/class_distribution_subCategory.png  used on input line 49.
(pdftex.def)             Requested size: 389.80269pt x 194.90224pt.


LaTeX Info: Redefining \. on input line 53.
LaTeX Info: Redefining \% on input line 53.
[6 <./figures/missing_values.png> <./figures/class_distribution_articleType.png>]
<figures/class_distribution_masterCategory.png, id=198, 867.24pt x 433.62pt>
File: figures/class_distribution_masterCategory.png Graphic file (type png)
<use figures/class_distribution_masterCategory.png>
Package pdftex.def Info: figures/class_distribution_masterCategory.png  used on input line 56.
(pdftex.def)             Requested size: 389.80269pt x 194.90224pt.
<figures/class_distribution_gender.png, id=200, 867.24pt x 433.62pt>
File: figures/class_distribution_gender.png Graphic file (type png)
<use figures/class_distribution_gender.png>
Package pdftex.def Info: figures/class_distribution_gender.png  used on input line 65.
(pdftex.def)             Requested size: 389.80269pt x 194.90224pt.


LaTeX Info: Redefining \. on input line 69.
LaTeX Info: Redefining \% on input line 69.
[7 <./figures/class_distribution_subCategory.png> <./figures/class_distribution_masterCategory.png>]
<figures/random_samples.png, id=208, 1084.05pt x 722.7pt>
File: figures/random_samples.png Graphic file (type png)
<use figures/random_samples.png>
Package pdftex.def Info: figures/random_samples.png  used on input line 78.
(pdftex.def)             Requested size: 389.80269pt x 259.86302pt.


LaTeX Info: Redefining \. on input line 85.
LaTeX Info: Redefining \% on input line 85.
[8 <./figures/class_distribution_gender.png> <./figures/random_samples.png>]
LaTeX Font Info:    Trying to load font information for TS1+ppl on input line 87.
 (/Users/anoguera/Library/TinyTeX/texmf-dist/tex/latex/psnfss/ts1ppl.fd
File: ts1ppl.fd 2001/06/04 font definitions for TS1/ppl.
)
<figures/image_quality.png, id=216, 1156.32pt x 867.24pt>
File: figures/image_quality.png Graphic file (type png)
<use figures/image_quality.png>
Package pdftex.def Info: figures/image_quality.png  used on input line 106.
(pdftex.def)             Requested size: 389.80269pt x 292.34343pt.


LaTeX Info: Redefining \. on input line 110.
LaTeX Info: Redefining \% on input line 110.
[9]

LaTeX Info: Redefining \. on input line 123.
LaTeX Info: Redefining \% on input line 123.
[10 <./figures/image_quality.png>])

LaTeX Info: Redefining \. on input line 119.
LaTeX Info: Redefining \% on input line 119.
[11]
\openout2 = `Appendices/AppendixA.aux'.

 (./Appendices/AppendixA.tex

[12




]
Ap\'{e}ndice A.

Overfull \hbox (4.1181pt too wide) in paragraph at lines 16--16
[]|\T1/ppl/b/n/9 Responsable| 
 []


Overfull \hbox (6.74832pt too wide) in paragraph at lines 19--20
[]|\T1/ppl/m/n/9 Completado| 
 []


Underfull \hbox (badness 10000) in paragraph at lines 20--20
[]|\T1/ppl/m/n/9 Configurar en-torno
 []


Overfull \hbox (6.74832pt too wide) in paragraph at lines 20--21
[]|\T1/ppl/m/n/9 Completado| 
 []


Underfull \hbox (badness 10000) in paragraph at lines 21--21
[]|\T1/ppl/m/n/9 Crear repos-i-to-rio
 []


Overfull \hbox (6.74832pt too wide) in paragraph at lines 21--22
[]|\T1/ppl/m/n/9 Completado| 
 []


Overfull \hbox (6.74832pt too wide) in paragraph at lines 22--23
[]|\T1/ppl/m/n/9 Completado| 
 []


Underfull \hbox (badness 10000) in paragraph at lines 24--24
[]|\T1/ppl/m/n/9 Implementar descar-ga au-tomáti-ca del dataset des-de
 []


Overfull \hbox (6.74832pt too wide) in paragraph at lines 24--25
[]|\T1/ppl/m/n/9 Completado| 
 []


Underfull \hbox (badness 10000) in paragraph at lines 31--31
[]|\T1/ppl/m/n/9 Implementar Py-Torch
 []


Underfull \hbox (badness 3492) in paragraph at lines 32--32
[]|\T1/ppl/m/n/9 Implementar aug-men-
 []


Underfull \hbox (badness 10000) in paragraph at lines 33--33
[]|\T1/ppl/m/n/9 Cargar Vi-sion Trans-
 []


Underfull \hbox (badness 10000) in paragraph at lines 34--34
[]|\T1/ppl/m/n/9 Pipeline de en-tre-
 []


Underfull \hbox (badness 10000) in paragraph at lines 43--43
[]|\T1/ppl/m/n/9 Redactar Im-ple-
 []

)

[13]

LaTeX Warning: Empty bibliography on input line 140.

(./memorianueva.aux (./portada.aux)
LaTeX Info: Redefining \sptext on input line 17.
LaTeX Info: Redefining \. on input line 17.
LaTeX Info: Redefining \% on input line 17.
 (./Chapters/Chapter1.aux) (./Chapters/Chapter2.aux) (./Appendices/AppendixA.aux))
 ***********
LaTeX2e <2025-06-01> patch level 1
L3 programming layer <2020/03/25>
 ***********
Package rerunfilecheck Info: File `memorianueva.out' has not changed.
(rerunfilecheck)             Checksum: 46C096083F05CD6FD01C09ACEB4F8086;2954.
Package logreq Info: Writing requests to 'memorianueva.run.xml'.
\openout1 = `memorianueva.run.xml'.

 ) 
Here is how much of TeX's memory you used:
 31633 strings out of 469729
 673074 string characters out of 5476491
 1518799 words of memory out of 5000000
 59616 multiletter control sequences out of 15000+600000
 685957 words of font info for 112 fonts, out of 8000000 for 9000
 15 hyphenation exceptions out of 8191
 95i,20n,93p,2024b,2010s stack positions out of 10000i,1000n,20000p,200000b,200000s
</Users/anoguera/Library/TinyTeX/texmf-dist/fonts/type1/urw/courier/ucrr8a.pfb></Users/anoguera/Library/TinyTeX/texmf-dist/fonts/type1/urw/helvetic/uhvb8a.pfb></Users/anoguera/Library/TinyTeX/texmf-dist/fonts/type1/urw/helvetic/uhvr8a.pfb></Users/anoguera/Library/TinyTeX/texmf-dist/fonts/type1/urw/helvetic/uhvro8a.pfb></Users/anoguera/Library/TinyTeX/texmf-dist/fonts/type1/urw/palatino/uplb8a.pfb></Users/anoguera/Library/TinyTeX/texmf-dist/fonts/type1/urw/palatino/uplr8a.pfb></Users/anoguera/Library/TinyTeX/texmf-dist/fonts/type1/urw/palatino/uplr8a.pfb></Users/anoguera/Library/TinyTeX/texmf-dist/fonts/type1/urw/palatino/uplri8a.pfb>
Output written on memorianueva.pdf (23 pages, 1299093 bytes).
PDF statistics:
 290 PDF objects out of 1000 (max. 8388607)
 228 compressed objects within 3 object streams
 50 named destinations out of 1000 (max. 500000)
 169 words of extra memory for PDF output out of 10000 (max. 10000000)

